<?xml version="1.0" encoding="UTF-8"?>
<!-- Generated by org.testng.reporters.JUnitXMLReporter -->
<testsuite hostname="DESKTOP-OCA4T00" name="Surefire test" tests="16" failures="0" timestamp="6 Jun 2018 04:36:35 GMT" time="0.062" errors="0">
  <testcase name="div" time="0.016" classname="com.qa.test.TestFirstProject"/>
  <testcase name="mul" time="0.0" classname="com.qa.test.TestFirstProject"/>
  <testcase name="sub" time="0.0" classname="com.qa.test.TestFirstProject"/>
  <testcase name="sum" time="0.0" classname="com.qa.test.TestFirstProject"/>
  <testcase name="div" time="0.0" classname="com.qa.test.TestFourthProgram"/>
  <testcase name="mul" time="0.0" classname="com.qa.test.TestFourthProgram"/>
  <testcase name="sub" time="0.0" classname="com.qa.test.TestFourthProgram"/>
  <testcase name="sum" time="0.0" classname="com.qa.test.TestFourthProgram"/>
  <testcase name="div" time="0.0" classname="com.qa.test.TestSecondProg"/>
  <testcase name="mul" time="0.0" classname="com.qa.test.TestSecondProg"/>
  <testcase name="sub" time="0.0" classname="com.qa.test.TestSecondProg"/>
  <testcase name="sum" time="0.0" classname="com.qa.test.TestSecondProg"/>
  <testcase name="div" time="0.0" classname="com.qa.test.TestThirdProgram"/>
  <testcase name="mul" time="0.0" classname="com.qa.test.TestThirdProgram"/>
  <testcase name="sub" time="0.0" classname="com.qa.test.TestThirdProgram"/>
  <testcase name="sum" time="0.0" classname="com.qa.test.TestThirdProgram"/>
</testsuite> <!-- Surefire test -->
