<?xml version="1.0" encoding="UTF-8"?>
<!-- Generated by org.testng.reporters.JUnitXMLReporter -->
<testsuite hostname="DESKTOP-OCA4T00" failures="0" tests="12" name="Surefire test" time="0.052" errors="0" timestamp="31 May 2018 15:47:39 GMT">
  <testcase classname="com.qa.test.TestFirstProject" name="div" time="0.011"/>
  <testcase classname="com.qa.test.TestFirstProject" name="mul" time="0.0"/>
  <testcase classname="com.qa.test.TestFirstProject" name="sub" time="0.001"/>
  <testcase classname="com.qa.test.TestFirstProject" name="sum" time="0.0"/>
  <testcase classname="com.qa.test.TestSecondProg" name="div" time="0.0"/>
  <testcase classname="com.qa.test.TestSecondProg" name="mul" time="0.001"/>
  <testcase classname="com.qa.test.TestSecondProg" name="sub" time="0.006"/>
  <testcase classname="com.qa.test.TestSecondProg" name="sum" time="0.0"/>
  <testcase classname="com.qa.test.TestThirdProgram" name="div" time="0.0"/>
  <testcase classname="com.qa.test.TestThirdProgram" name="mul" time="0.0"/>
  <testcase classname="com.qa.test.TestThirdProgram" name="sub" time="0.001"/>
  <testcase classname="com.qa.test.TestThirdProgram" name="sum" time="0.0"/>
</testsuite> <!-- Surefire test -->
