<?xml version="1.0" encoding="UTF-8"?>
<!-- Generated by org.testng.reporters.JUnitXMLReporter -->
<testsuite hostname="DESKTOP-OCA4T00" name="Default test" tests="4" failures="0" timestamp="31 May 2018 13:45:05 GMT" time="0.084" errors="0">
  <testcase name="sum" time="0.02" classname="com.qa.test.FirstMavenProject"/>
  <testcase name="sub" time="0.002" classname="com.qa.test.FirstMavenProject"/>
  <testcase name="mul" time="0.008" classname="com.qa.test.FirstMavenProject"/>
  <testcase name="div" time="0.001" classname="com.qa.test.FirstMavenProject"/>
</testsuite> <!-- Default test -->
