<?xml version="1.0" encoding="UTF-8"?>
<!-- Generated by org.testng.reporters.JUnitXMLReporter -->
<testsuite hostname="DESKTOP-OCA4T00" name="Default test" tests="4" failures="0" timestamp="3 Jun 2018 03:56:36 GMT" time="0.067" errors="0">
  <testcase name="div" time="0.016" classname="com.qa.test.TestFirstProject"/>
  <testcase name="mul" time="0.002" classname="com.qa.test.TestFirstProject"/>
  <testcase name="sub" time="0.001" classname="com.qa.test.TestFirstProject"/>
  <testcase name="sum" time="0.001" classname="com.qa.test.TestFirstProject"/>
</testsuite> <!-- Default test -->
