<?xml version="1.0" encoding="UTF-8"?>
<!-- Generated by org.testng.reporters.JUnitXMLReporter -->
<testsuite hostname="DESKTOP-OCA4T00" name="Test" tests="22" failures="0" timestamp="7 Jun 2018 11:24:26 GMT" time="0.185" errors="0">
  <testcase name="div" time="0.015" classname="com.qa.test.TestFirstProject"/>
  <testcase name="mul" time="0.0" classname="com.qa.test.TestFirstProject"/>
  <testcase name="sub" time="0.014" classname="com.qa.test.TestFirstProject"/>
  <testcase name="sum" time="0.0" classname="com.qa.test.TestFirstProject"/>
  <testcase name="div" time="0.0" classname="com.qa.test.TestSecondProg"/>
  <testcase name="mul" time="0.0" classname="com.qa.test.TestSecondProg"/>
  <testcase name="sub" time="0.0" classname="com.qa.test.TestSecondProg"/>
  <testcase name="sum" time="0.0" classname="com.qa.test.TestSecondProg"/>
  <testcase name="div" time="0.0" classname="com.qa.test.TestThirdProgram"/>
  <testcase name="mul" time="0.0" classname="com.qa.test.TestThirdProgram"/>
  <testcase name="sub" time="0.016" classname="com.qa.test.TestThirdProgram"/>
  <testcase name="sum" time="0.0" classname="com.qa.test.TestThirdProgram"/>
  <testcase name="div" time="0.015" classname="com.qa.test.TestFourthProgram"/>
  <testcase name="mul" time="0.0" classname="com.qa.test.TestFourthProgram"/>
  <testcase name="sub" time="0.0" classname="com.qa.test.TestFourthProgram"/>
  <testcase name="sum" time="0.0" classname="com.qa.test.TestFourthProgram"/>
  <testcase name="main" time="0.0" classname="com.qa.test.SingleInheritance"/>
  <testcase name="testInhertance" time="0.0" classname="com.qa.test.MultiLevel_Inheritance"/>
  <testcase name="main" time="0.0" classname="com.qa.test.MethodOverloading1"/>
  <testcase name="main" time="0.0" classname="com.qa.test.MethodOverloading"/>
  <testcase name="" time="0.0" classname="com.qa.test.InheritanceTest"/>
  <testcase name="main" time="0.0" classname="com.qa.test.HierarchicalInheritance"/>
</testsuite> <!-- Test -->
