<?xml version="1.0" encoding="UTF-8"?>
<testsuite xmlns:xsi="http://www.w3.org/2001/XMLSchema-instance" xsi:schemaLocation="https://maven.apache.org/surefire/maven-surefire-plugin/xsd/surefire-test-report.xsd" name="TestSuite" time="1.288" tests="16" errors="0" skipped="0" failures="0">
  <properties>
[...]
</properties>
  <testcase name="div" classname="com.qa.test.TestFirstProject" time="0.016"/>
  <testcase name="mul" classname="com.qa.test.TestFirstProject" time="0"/>
  <testcase name="sub" classname="com.qa.test.TestFirstProject" time="0"/>
  <testcase name="sum" classname="com.qa.test.TestFirstProject" time="0"/>
  <testcase name="div" classname="com.qa.test.TestFourthProgram" time="0"/>
  <testcase name="mul" classname="com.qa.test.TestFourthProgram" time="0.015"/>
  <testcase name="sub" classname="com.qa.test.TestFourthProgram" time="0"/>
  <testcase name="sum" classname="com.qa.test.TestFourthProgram" time="0"/>
  <testcase name="div" classname="com.qa.test.TestSecondProg" time="0"/>
  <testcase name="mul" classname="com.qa.test.TestSecondProg" time="0"/>
  <testcase name="sub" classname="com.qa.test.TestSecondProg" time="0"/>
  <testcase name="sum" classname="com.qa.test.TestSecondProg" time="0"/>
  <testcase name="div" classname="com.qa.test.TestThirdProgram" time="0"/>
  <testcase name="mul" classname="com.qa.test.TestThirdProgram" time="0"/>
  <testcase name="sub" classname="com.qa.test.TestThirdProgram" time="0"/>
  <testcase name="sum" classname="com.qa.test.TestThirdProgram" time="0"/>
</testsuite>