<?xml version="1.0" encoding="UTF-8"?>
<testng-results total="12" passed="12" failed="0" skipped="0">
  <reporter-output>
  </reporter-output>
  <suite started-at="2018-05-31T15:47:39Z" name="Surefire suite" finished-at="2018-05-31T15:47:39Z" duration-ms="52">
    <groups>
    </groups>
    <test started-at="2018-05-31T15:47:39Z" name="Surefire test" finished-at="2018-05-31T15:47:39Z" duration-ms="52">
      <class name="com.qa.test.TestThirdProgram">
        <test-method signature="div()[pri:0, instance:com.qa.test.TestThirdProgram@4386f16]" started-at="2018-05-31T21:17:39Z" name="div" finished-at="2018-05-31T21:17:39Z" duration-ms="0" status="PASS">
          <reporter-output>
          </reporter-output>
        </test-method> <!-- div -->
        <test-method signature="mul()[pri:0, instance:com.qa.test.TestThirdProgram@4386f16]" started-at="2018-05-31T21:17:39Z" name="mul" finished-at="2018-05-31T21:17:39Z" duration-ms="0" status="PASS">
          <reporter-output>
          </reporter-output>
        </test-method> <!-- mul -->
        <test-method signature="sub()[pri:0, instance:com.qa.test.TestThirdProgram@4386f16]" started-at="2018-05-31T21:17:39Z" name="sub" finished-at="2018-05-31T21:17:39Z" duration-ms="1" status="PASS">
          <reporter-output>
          </reporter-output>
        </test-method> <!-- sub -->
        <test-method signature="sum()[pri:0, instance:com.qa.test.TestThirdProgram@4386f16]" started-at="2018-05-31T21:17:39Z" name="sum" finished-at="2018-05-31T21:17:39Z" duration-ms="0" status="PASS">
          <reporter-output>
          </reporter-output>
        </test-method> <!-- sum -->
      </class> <!-- com.qa.test.TestThirdProgram -->
      <class name="com.qa.test.TestSecondProg">
        <test-method signature="div()[pri:0, instance:com.qa.test.TestSecondProg@2ea227af]" started-at="2018-05-31T21:17:39Z" name="div" finished-at="2018-05-31T21:17:39Z" duration-ms="0" status="PASS">
          <reporter-output>
          </reporter-output>
        </test-method> <!-- div -->
        <test-method signature="mul()[pri:0, instance:com.qa.test.TestSecondProg@2ea227af]" started-at="2018-05-31T21:17:39Z" name="mul" finished-at="2018-05-31T21:17:39Z" duration-ms="1" status="PASS">
          <reporter-output>
          </reporter-output>
        </test-method> <!-- mul -->
        <test-method signature="sub()[pri:0, instance:com.qa.test.TestSecondProg@2ea227af]" started-at="2018-05-31T21:17:39Z" name="sub" finished-at="2018-05-31T21:17:39Z" duration-ms="6" status="PASS">
          <reporter-output>
          </reporter-output>
        </test-method> <!-- sub -->
        <test-method signature="sum()[pri:0, instance:com.qa.test.TestSecondProg@2ea227af]" started-at="2018-05-31T21:17:39Z" name="sum" finished-at="2018-05-31T21:17:39Z" duration-ms="0" status="PASS">
          <reporter-output>
          </reporter-output>
        </test-method> <!-- sum -->
      </class> <!-- com.qa.test.TestSecondProg -->
      <class name="com.qa.test.TestFirstProject">
        <test-method signature="div()[pri:0, instance:com.qa.test.TestFirstProject@65466a6a]" started-at="2018-05-31T21:17:39Z" name="div" finished-at="2018-05-31T21:17:39Z" duration-ms="11" status="PASS">
          <reporter-output>
          </reporter-output>
        </test-method> <!-- div -->
        <test-method signature="sub()[pri:0, instance:com.qa.test.TestFirstProject@65466a6a]" started-at="2018-05-31T21:17:39Z" name="sub" finished-at="2018-05-31T21:17:39Z" duration-ms="1" status="PASS">
          <reporter-output>
          </reporter-output>
        </test-method> <!-- sub -->
        <test-method signature="mul()[pri:0, instance:com.qa.test.TestFirstProject@65466a6a]" started-at="2018-05-31T21:17:39Z" name="mul" finished-at="2018-05-31T21:17:39Z" duration-ms="0" status="PASS">
          <reporter-output>
          </reporter-output>
        </test-method> <!-- mul -->
        <test-method signature="sum()[pri:0, instance:com.qa.test.TestFirstProject@65466a6a]" started-at="2018-05-31T21:17:39Z" name="sum" finished-at="2018-05-31T21:17:39Z" duration-ms="0" status="PASS">
          <reporter-output>
          </reporter-output>
        </test-method> <!-- sum -->
      </class> <!-- com.qa.test.TestFirstProject -->
    </test> <!-- Surefire test -->
  </suite> <!-- Surefire suite -->
</testng-results>
