<?xml version="1.0" encoding="UTF-8"?>
<testng-results skipped="0" failed="0" total="4" passed="4">
  <reporter-output>
  </reporter-output>
  <suite name="Default suite" duration-ms="67" started-at="2018-06-03T03:56:35Z" finished-at="2018-06-03T03:56:36Z">
    <groups>
    </groups>
    <test name="Default test" duration-ms="67" started-at="2018-06-03T03:56:35Z" finished-at="2018-06-03T03:56:36Z">
      <class name="com.qa.test.TestFirstProject">
        <test-method status="PASS" signature="div()[pri:0, instance:com.qa.test.TestFirstProject@16d4b5c]" name="div" duration-ms="16" started-at="2018-06-03T09:26:35Z" finished-at="2018-06-03T09:26:35Z">
          <reporter-output>
          </reporter-output>
        </test-method> <!-- div -->
        <test-method status="PASS" signature="mul()[pri:0, instance:com.qa.test.TestFirstProject@16d4b5c]" name="mul" duration-ms="2" started-at="2018-06-03T09:26:35Z" finished-at="2018-06-03T09:26:35Z">
          <reporter-output>
          </reporter-output>
        </test-method> <!-- mul -->
        <test-method status="PASS" signature="sub()[pri:0, instance:com.qa.test.TestFirstProject@16d4b5c]" name="sub" duration-ms="1" started-at="2018-06-03T09:26:35Z" finished-at="2018-06-03T09:26:35Z">
          <reporter-output>
          </reporter-output>
        </test-method> <!-- sub -->
        <test-method status="PASS" signature="sum()[pri:0, instance:com.qa.test.TestFirstProject@16d4b5c]" name="sum" duration-ms="1" started-at="2018-06-03T09:26:35Z" finished-at="2018-06-03T09:26:35Z">
          <reporter-output>
          </reporter-output>
        </test-method> <!-- sum -->
      </class> <!-- com.qa.test.TestFirstProject -->
    </test> <!-- Default test -->
  </suite> <!-- Default suite -->
</testng-results>
